<?xml version="1.0" encoding="UTF-8"?>
<!-- Generated by org.testng.reporters.JUnitXMLReporter -->
<testsuite ignored="0" hostname="P3000798" failures="0" tests="6" name="Test" time="114.639" errors="0" timestamp="2023-09-04T17:21:27 IST">
  <testcase classname="Pitaya_Org_admin.Mainclass" name="@AfterTest logout" time="1.113">
    <failure type="org.openqa.selenium.ElementClickInterceptedException" message="element click intercepted: Element &amp;lt;img _ngcontent-wca-c2=&amp;quot;&amp;quot; src=&amp;quot;../../../../assets/icons/settings.svg&amp;quot; alt=&amp;quot;setting Image&amp;quot;&amp;gt; is not clickable at point (40, 517). Other element would receive the click: &amp;lt;ngb-modal-window role=&amp;quot;dialog&amp;quot; tabindex=&amp;quot;-1&amp;quot; aria-modal=&amp;quot;true&amp;quot; aria-labelledby=&amp;quot;modal-basic-title&amp;quot; class=&amp;quot;add-modal d-block modal fade show&amp;quot;&amp;gt;...&amp;lt;/ngb-modal-window&amp;gt;
  (Session info: chrome=116.0.5845.141)
Build info: version: &amp;apos;4.11.0&amp;apos;, revision: &amp;apos;040bc5406b&amp;apos;
System info: os.name: &amp;apos;Windows 10&amp;apos;, os.arch: &amp;apos;amd64&amp;apos;, os.version: &amp;apos;10.0&amp;apos;, java.version: &amp;apos;17.0.7&amp;apos;
Driver info: org.openqa.selenium.chrome.ChromeDriver
Command: [3d026f326318db18cd7c9946ca498eba, clickElement {id=F4DBC251C407147ED1FBA62A8BA2D34D_element_55}]
Capabilities {acceptInsecureCerts: false, browserName: chrome, browserVersion: 116.0.5845.141, chrome: {chromedriverVersion: 116.0.5845.96 (1a3918166880..., userDataDir: C:\Users\KANDEL~1.PRE\AppDa...}, fedcm:accounts: true, goog:chromeOptions: {debuggerAddress: localhost:56634}, networkConnectionEnabled: false, pageLoadStrategy: normal, platformName: windows, proxy: Proxy(), se:cdp: ws://localhost:56634/devtoo..., se:cdpVersion: 116.0.5845.141, setWindowRect: true, strictFileInteractability: false, timeouts: {implicit: 0, pageLoad: 300000, script: 30000}, unhandledPromptBehavior: dismiss and notify, webauthn:extension:credBlob: true, webauthn:extension:largeBlob: true, webauthn:extension:minPinLength: true, webauthn:extension:prf: true, webauthn:virtualAuthenticators: true}
Element: [[ChromeDriver: chrome on windows (3d026f326318db18cd7c9946ca498eba)] -&amp;gt; xpath: //body/app-root[1]/app-layout[1]/div[1]/div[1]/app-sidenav[1]/div[1]/nav[2]/ul[1]/li[3]/a[1]/img[1]]
Session ID: 3d026f326318db18cd7c9946ca498eba">
      <![CDATA[org.openqa.selenium.ElementClickInterceptedException: element click intercepted: Element <img _ngcontent-wca-c2="" src="../../../../assets/icons/settings.svg" alt="setting Image"> is not clickable at point (40, 517). Other element would receive the click: <ngb-modal-window role="dialog" tabindex="-1" aria-modal="true" aria-labelledby="modal-basic-title" class="add-modal d-block modal fade show">...</ngb-modal-window>
  (Session info: chrome=116.0.5845.141)
Build info: version: '4.11.0', revision: '040bc5406b'
System info: os.name: 'Windows 10', os.arch: 'amd64', os.version: '10.0', java.version: '17.0.7'
Driver info: org.openqa.selenium.chrome.ChromeDriver
Command: [3d026f326318db18cd7c9946ca498eba, clickElement {id=F4DBC251C407147ED1FBA62A8BA2D34D_element_55}]
Capabilities {acceptInsecureCerts: false, browserName: chrome, browserVersion: 116.0.5845.141, chrome: {chromedriverVersion: 116.0.5845.96 (1a3918166880..., userDataDir: C:\Users\KANDEL~1.PRE\AppDa...}, fedcm:accounts: true, goog:chromeOptions: {debuggerAddress: localhost:56634}, networkConnectionEnabled: false, pageLoadStrategy: normal, platformName: windows, proxy: Proxy(), se:cdp: ws://localhost:56634/devtoo..., se:cdpVersion: 116.0.5845.141, setWindowRect: true, strictFileInteractability: false, timeouts: {implicit: 0, pageLoad: 300000, script: 30000}, unhandledPromptBehavior: dismiss and notify, webauthn:extension:credBlob: true, webauthn:extension:largeBlob: true, webauthn:extension:minPinLength: true, webauthn:extension:prf: true, webauthn:virtualAuthenticators: true}
Element: [[ChromeDriver: chrome on windows (3d026f326318db18cd7c9946ca498eba)] -> xpath: //body/app-root[1]/app-layout[1]/div[1]/div[1]/app-sidenav[1]/div[1]/nav[2]/ul[1]/li[3]/a[1]/img[1]]
Session ID: 3d026f326318db18cd7c9946ca498eba
at org.openqa.selenium.remote.codec.w3c.W3CHttpResponseCodec.createException(W3CHttpResponseCodec.java:200)
at org.openqa.selenium.remote.codec.w3c.W3CHttpResponseCodec.decode(W3CHttpResponseCodec.java:133)
at org.openqa.selenium.remote.codec.w3c.W3CHttpResponseCodec.decode(W3CHttpResponseCodec.java:52)
at org.openqa.selenium.remote.HttpCommandExecutor.execute(HttpCommandExecutor.java:191)
at org.openqa.selenium.remote.service.DriverCommandExecutor.invokeExecute(DriverCommandExecutor.java:196)
at org.openqa.selenium.remote.service.DriverCommandExecutor.execute(DriverCommandExecutor.java:171)
at org.openqa.selenium.remote.RemoteWebDriver.execute(RemoteWebDriver.java:518)
at org.openqa.selenium.remote.RemoteWebElement.execute(RemoteWebElement.java:224)
at org.openqa.selenium.remote.RemoteWebElement.click(RemoteWebElement.java:77)
at org.openqa.selenium.support.pagefactory.internal.LocatingElementHandler.invoke(LocatingElementHandler.java:51)
at jdk.proxy2/jdk.proxy2.$Proxy31.click(Unknown Source)
at Pitaya_Org_admin.Login_Org.clicklogout(Login_Org.java:44)
at Pitaya_Org_admin.Mainclass.logout(Mainclass.java:160)
... Removed 32 stack frames]]>
    </failure>
  </testcase> <!-- @AfterTest logout -->
  <testcase classname="Pitaya_Org_admin.Mainclass" name="login" time="6.352"/>
  <testcase classname="Pitaya_Org_admin.Mainclass" name="store" time="50.79"/>
  <testcase classname="Pitaya_Org_admin.Mainclass" name="User" time="23.74"/>
  <testcase classname="Pitaya_Org_admin.Mainclass" name="set_store" time="15.642"/>
  <testcase classname="Pitaya_Org_admin.Mainclass" name="Use_case" time="5.79"/>
  <testcase classname="Pitaya_Org_admin.Mainclass" name="createcamera" time="4.515"/>
</testsuite> <!-- Test -->
